07/12/20 12:56:29 USER id:1, name: admin Admin, ip: 0:0:0:0:0:0:0:1, url: http://localhost:8080/example/jsp/admin/AdminMessage.jsp
07/12/20 12:56:34 USER id:1, name: admin Admin, ip: 0:0:0:0:0:0:0:1, url: http://localhost:8080/example/jsp/admin/user/ModifyDefaultUserPassword.jsp
07/12/20 12:56:46 USER id:1, name: admin Admin, ip: 0:0:0:0:0:0:0:1, url: http://localhost:8080/example/jsp/admin/AdminMessage.jsp
07/12/20 12:57:03 USER id:1, name: admin Admin, ip: 0:0:0:0:0:0:0:1, url: http://localhost:8080/example/jsp/admin/AdminMessage.jsp
07/12/20 12:57:22 USER id:1, name: admin Admin, ip: 0:0:0:0:0:0:0:1, url: http://localhost:8080/example/jsp/admin/AdminMenu.jsp
07/12/20 12:58:01 USER id:1, name: admin Admin, ip: 0:0:0:0:0:0:0:1, url: http://localhost:8080/example/jsp/admin/system/ManagePlugins.jsp?plugin_name=
07/12/20 12:58:32 USER id:1, name: admin Admin, ip: 0:0:0:0:0:0:0:1, url: http://localhost:8080/example/jsp/admin/system/ManagePlugins.jsp
07/12/20 12:59:01 USER id:1, name: admin Admin, ip: 0:0:0:0:0:0:0:1, url: http://localhost:8080/example/jsp/admin/user/ManageUsers.jsp?plugin_name=
07/12/20 12:59:21 USER id:1, name: admin Admin, ip: 0:0:0:0:0:0:0:1, url: http://localhost:8080/example/jsp/admin/user/ModifyUser.jsp?id_user=1
07/12/20 13:00:00 USER id:1, name: admin Admin, ip: 0:0:0:0:0:0:0:1, url: http://localhost:8080/example/jsp/admin/user/ModifyUserWorkgroups.jsp?id_user=1
07/12/20 13:00:02 USER id:1, name: admin Admin, ip: 0:0:0:0:0:0:0:1, url: http://localhost:8080/example/jsp/admin/user/ModifyUser.jsp?id_user=1
07/12/20 13:00:19 USER id:1, name: admin Admin, ip: 0:0:0:0:0:0:0:1, url: http://localhost:8080/example/jsp/admin/user/ModifyUserRights.jsp?id_user=1
07/12/20 13:00:24 USER id:1, name: admin Admin, ip: 0:0:0:0:0:0:0:1, url: http://localhost:8080/example/jsp/admin/user/ManageUserRights.jsp?id_user=1
07/12/20 13:00:59 USER id:1, name: admin Admin, ip: 0:0:0:0:0:0:0:1, url: http://localhost:8080/example/jsp/admin/system/ManagePlugins.jsp?plugin_name=
07/12/20 13:01:05 USER id:1, name: admin Admin, ip: 0:0:0:0:0:0:0:1, url: http://localhost:8080/example/jsp/admin/plugins/testmoussia/ManageUsers.jsp?plugin_name=testmoussia
07/12/20 13:01:30 USER id:1, name: admin Admin, ip: 0:0:0:0:0:0:0:1, url: http://localhost:8080/example/jsp/admin/system/ManageDaemons.jsp?plugin_name=
07/12/20 13:01:34 USER id:1, name: admin Admin, ip: 0:0:0:0:0:0:0:1, url: http://localhost:8080/example/jsp/admin/system/ManagePlugins.jsp?plugin_name=
07/12/20 13:01:37 USER id:1, name: admin Admin, ip: 0:0:0:0:0:0:0:1, url: http://localhost:8080/example/jsp/admin/system/ManageCaches.jsp?plugin_name=
07/12/20 13:02:52 USER id:1, name: admin Admin, ip: 0:0:0:0:0:0:0:1, url: http://localhost:8080/example/jsp/admin/system/ManageCaches.jsp?plugin_name=
07/12/20 13:02:54 USER id:1, name: admin Admin, ip: 0:0:0:0:0:0:0:1, url: http://localhost:8080/example/jsp/admin/search/ManageSearchIndexation.jsp?plugin_name=
07/12/20 13:02:59 USER id:1, name: admin Admin, ip: 0:0:0:0:0:0:0:1, url: http://localhost:8080/example/jsp/admin/system/ManageFilesSystem.jsp?plugin_name=
07/12/20 13:03:02 USER id:1, name: admin Admin, ip: 0:0:0:0:0:0:0:1, url: http://localhost:8080/example/jsp/admin/system/ManagePlugins.jsp?plugin_name=
07/12/20 13:03:05 USER id:1, name: admin Admin, ip: 0:0:0:0:0:0:0:1, url: http://localhost:8080/example/jsp/admin/system/ManageDaemons.jsp?plugin_name=
07/12/20 13:03:09 USER id:1, name: admin Admin, ip: 0:0:0:0:0:0:0:1, url: http://localhost:8080/example/jsp/admin/plugins/testmoussia/ManageUsers.jsp?plugin_name=testmoussia
07/12/20 13:32:05 USER id:1, name: admin Admin, ip: 0:0:0:0:0:0:0:1, url: http://localhost:8080/example/jsp/admin/plugins/testmoussia/ManageUsers.jsp?plugin_name=testmoussia
07/12/20 13:32:08 USER id:1, name: admin Admin, ip: 0:0:0:0:0:0:0:1, url: http://localhost:8080/example/jsp/admin/plugins/testmoussia/ManageUsers.jsp
07/12/20 13:32:09 USER id:1, name: admin Admin, ip: 0:0:0:0:0:0:0:1, url: http://localhost:8080/example/jsp/admin/plugins/testmoussia/ManageUsers.jsp
07/12/20 13:32:10 USER id:1, name: admin Admin, ip: 0:0:0:0:0:0:0:1, url: http://localhost:8080/example/jsp/admin/plugins/testmoussia/ManageUsers.jsp
07/12/20 13:32:26 USER id:1, name: admin Admin, ip: 0:0:0:0:0:0:0:1, url: http://localhost:8080/example/jsp/admin/system/ManageCaches.jsp?plugin_name=
07/12/20 13:32:28 USER id:1, name: admin Admin, ip: 0:0:0:0:0:0:0:1, url: http://localhost:8080/example/jsp/admin/plugins/testmoussia/ManageUsers.jsp?plugin_name=testmoussia
07/12/20 13:49:35 USER id:1, name: admin Admin, ip: 0:0:0:0:0:0:0:1, url: http://localhost:8080/example/jsp/admin/role/ManagePageRole.jsp?plugin_name=
07/12/20 13:51:04 USER id:1, name: admin Admin, ip: 0:0:0:0:0:0:0:1, url: http://localhost:8080/example/jsp/admin/system/ManageDaemons.jsp?plugin_name=
07/12/20 13:51:07 USER id:1, name: admin Admin, ip: 0:0:0:0:0:0:0:1, url: http://localhost:8080/example/jsp/admin/plugins/testmoussia/ManageUsers.jsp?plugin_name=testmoussia
07/12/20 13:51:45 USER id:1, name: admin Admin, ip: 0:0:0:0:0:0:0:1, url: http://localhost:8080/example/jsp/admin/search/ManageSearchIndexation.jsp?plugin_name=
07/12/20 13:51:48 USER id:1, name: admin Admin, ip: 0:0:0:0:0:0:0:1, url: http://localhost:8080/example/jsp/admin/system/ManageCaches.jsp?plugin_name=
07/12/20 13:51:50 USER id:1, name: admin Admin, ip: 0:0:0:0:0:0:0:1, url: http://localhost:8080/example/jsp/admin/system/ManageFilesSystem.jsp?plugin_name=
07/12/20 13:51:53 USER id:1, name: admin Admin, ip: 0:0:0:0:0:0:0:1, url: http://localhost:8080/example/jsp/admin/system/ManagePlugins.jsp?plugin_name=
07/12/20 13:51:56 USER id:1, name: admin Admin, ip: 0:0:0:0:0:0:0:1, url: http://localhost:8080/example/jsp/admin/system/ManageDaemons.jsp?plugin_name=
07/12/20 13:51:58 USER id:1, name: admin Admin, ip: 0:0:0:0:0:0:0:1, url: http://localhost:8080/example/jsp/admin/plugins/testmoussia/ManageUsers.jsp?plugin_name=testmoussia
07/12/20 13:52:00 USER id:1, name: admin Admin, ip: 0:0:0:0:0:0:0:1, url: http://localhost:8080/example/jsp/admin/plugins/testmoussia/ManageUsers.jsp
07/12/20 13:52:06 USER id:1, name: admin Admin, ip: 0:0:0:0:0:0:0:1, url: http://localhost:8080/example/jsp/admin/plugins/testmoussia/ManageUsers.jsp
07/12/20 13:52:06 USER id:1, name: admin Admin, ip: 0:0:0:0:0:0:0:1, url: http://localhost:8080/example/jsp/admin/plugins/testmoussia/ManageUsers.jsp?view=manageUsers
07/12/20 13:52:19 USER id:1, name: admin Admin, ip: 0:0:0:0:0:0:0:1, url: http://localhost:8080/example/jsp/admin/plugins/testmoussia/ManageUsers.jsp?view=modifyUser&id=1
07/12/20 13:52:21 USER id:1, name: admin Admin, ip: 0:0:0:0:0:0:0:1, url: http://localhost:8080/example/jsp/admin/plugins/testmoussia/ManageUsers.jsp
07/12/20 13:52:21 USER id:1, name: admin Admin, ip: 0:0:0:0:0:0:0:1, url: http://localhost:8080/example/jsp/admin/plugins/testmoussia/ManageUsers.jsp?view=manageUsers
07/12/20 13:52:53 USER id:1, name: admin Admin, ip: 0:0:0:0:0:0:0:1, url: http://localhost:8080/example/jsp/admin/plugins/testmoussia/ManageUsers.jsp
07/12/20 13:53:45 USER id:1, name: admin Admin, ip: 0:0:0:0:0:0:0:1, url: http://localhost:8080/example/jsp/admin/site/AdminSite.jsp?plugin_name=
07/12/20 13:53:51 USER id:1, name: admin Admin, ip: 0:0:0:0:0:0:0:1, url: http://localhost:8080/example/jsp/admin/ManageProperties.jsp?plugin_name=
07/12/20 13:53:53 USER id:1, name: admin Admin, ip: 0:0:0:0:0:0:0:1, url: http://localhost:8080/example/jsp/admin/role/ManagePageRole.jsp?plugin_name=
07/12/20 13:53:58 USER id:1, name: admin Admin, ip: 0:0:0:0:0:0:0:1, url: http://localhost:8080/example/jsp/admin/user/ManageUsers.jsp?plugin_name=
07/12/20 13:58:52 USER id:1, name: admin Admin, ip: 0:0:0:0:0:0:0:1, url: http://localhost:8080/example/jsp/admin/AdminTechnicalMenu.jsp
07/12/20 13:58:56 USER id:1, name: admin Admin, ip: 0:0:0:0:0:0:0:1, url: http://localhost:8080/example/jsp/admin/system/ManageCaches.jsp?plugin_name=
07/12/20 13:58:57 USER id:1, name: admin Admin, ip: 0:0:0:0:0:0:0:1, url: http://localhost:8080/example/jsp/admin/search/ManageSearchIndexation.jsp?plugin_name=
07/12/20 13:59:01 USER id:1, name: admin Admin, ip: 0:0:0:0:0:0:0:1, url: http://localhost:8080/example/jsp/admin/system/ManageFilesSystem.jsp?plugin_name=
07/12/20 13:59:03 USER id:1, name: admin Admin, ip: 0:0:0:0:0:0:0:1, url: http://localhost:8080/example/jsp/admin/system/ManagePlugins.jsp?plugin_name=
07/12/20 13:59:07 USER id:1, name: admin Admin, ip: 0:0:0:0:0:0:0:1, url: http://localhost:8080/example/jsp/admin/system/ManageDaemons.jsp?plugin_name=
07/12/20 13:59:15 USER id:1, name: admin Admin, ip: 0:0:0:0:0:0:0:1, url: http://localhost:8080/example/jsp/admin/system/ManageDaemons.jsp?plugin_name=
07/12/20 13:59:17 USER id:1, name: admin Admin, ip: 0:0:0:0:0:0:0:1, url: http://localhost:8080/example/jsp/admin/plugins/testmoussia/ManageUsers.jsp?plugin_name=testmoussia
07/12/20 13:59:31 USER id:1, name: admin Admin, ip: 0:0:0:0:0:0:0:1, url: http://localhost:8080/example/jsp/admin/style/ManagePageTemplates.jsp?plugin_name=
07/12/20 13:59:37 USER id:1, name: admin Admin, ip: 0:0:0:0:0:0:0:1, url: http://localhost:8080/example/jsp/admin/style/CreatePageTemplate.jsp
07/12/20 13:59:43 USER id:1, name: admin Admin, ip: 0:0:0:0:0:0:0:1, url: http://localhost:8080/example/jsp/admin/style/ManagePageTemplates.jsp
07/12/20 14:00:00 USER id:1, name: admin Admin, ip: 0:0:0:0:0:0:0:1, url: http://localhost:8080/example/jsp/admin/role/ManagePageRole.jsp?plugin_name=
07/12/20 14:00:03 USER id:1, name: admin Admin, ip: 0:0:0:0:0:0:0:1, url: http://localhost:8080/example/jsp/admin/site/AdminSite.jsp?plugin_name=
07/12/20 14:02:50 USER id:1, name: admin Admin, ip: 0:0:0:0:0:0:0:1, url: http://localhost:8080/example/jsp/admin/site/AdminSite.jsp?page_id=1&param_block=5
07/12/20 14:03:13 USER id:1, name: admin Admin, ip: 0:0:0:0:0:0:0:1, url: http://localhost:8080/example/jsp/admin/site/AdminSite.jsp?page_id=3
07/12/20 14:13:07 USER id:1, name: admin Admin, ip: 0:0:0:0:0:0:0:1, url: http://localhost:8080/example/jsp/admin/role/ManagePageRole.jsp?plugin_name=
07/12/20 14:13:12 USER id:1, name: admin Admin, ip: 0:0:0:0:0:0:0:1, url: http://localhost:8080/example/jsp/admin/site/AdminSite.jsp?plugin_name=
07/12/20 14:13:18 USER id:1, name: admin Admin, ip: 0:0:0:0:0:0:0:1, url: http://localhost:8080/example/jsp/admin/site/AdminSite.jsp?page_id=1&param_block=2
07/12/20 14:13:20 USER id:1, name: admin Admin, ip: 0:0:0:0:0:0:0:1, url: http://localhost:8080/example/jsp/admin/site/AdminSite.jsp?page_id=1&param_block=5
07/12/20 14:14:45 USER id:1, name: admin Admin, ip: 0:0:0:0:0:0:0:1, url: http://localhost:8080/example/jsp/admin/system/ManageDaemons.jsp?plugin_name=
07/12/20 14:14:48 USER id:1, name: admin Admin, ip: 0:0:0:0:0:0:0:1, url: http://localhost:8080/example/jsp/admin/plugins/testmoussia/ManageUsers.jsp?plugin_name=testmoussia
07/12/20 14:14:51 USER id:1, name: admin Admin, ip: 0:0:0:0:0:0:0:1, url: http://localhost:8080/example/jsp/admin/system/ManageCaches.jsp?plugin_name=
07/12/20 14:14:55 USER id:1, name: admin Admin, ip: 0:0:0:0:0:0:0:1, url: http://localhost:8080/example/jsp/admin/role/ManagePageRole.jsp?plugin_name=
07/12/20 14:15:00 USER id:1, name: admin Admin, ip: 0:0:0:0:0:0:0:1, url: http://localhost:8080/example/jsp/admin/ManageProperties.jsp?plugin_name=
07/12/20 14:15:04 USER id:1, name: admin Admin, ip: 0:0:0:0:0:0:0:1, url: http://localhost:8080/example/jsp/admin/ManageProperties.jsp
07/12/20 14:15:07 USER id:1, name: admin Admin, ip: 0:0:0:0:0:0:0:1, url: http://localhost:8080/example/jsp/admin/ManageProperties.jsp
07/12/20 16:32:54 USER id:1, name: admin Admin, ip: 0:0:0:0:0:0:0:1, url: http://localhost:8080/example/jsp/admin/system/ManagePlugins.jsp?plugin_name=
07/12/20 16:33:01 USER id:1, name: admin Admin, ip: 0:0:0:0:0:0:0:1, url: http://localhost:8080/example/jsp/admin/system/ManagePlugins.jsp?plugin_name=
07/12/20 16:33:26 USER id:1, name: admin Admin, ip: 0:0:0:0:0:0:0:1, url: http://localhost:8080/example/jsp/admin/system/ManagePlugins.jsp
07/12/20 16:33:39 USER id:1, name: admin Admin, ip: 0:0:0:0:0:0:0:1, url: http://localhost:8080/example/jsp/admin/system/ManagePlugins.jsp
07/12/20 16:33:51 USER id:1, name: admin Admin, ip: 0:0:0:0:0:0:0:1, url: http://localhost:8080/example/jsp/admin/system/ManagePlugins.jsp?plugin_name=
07/12/20 16:33:58 USER id:1, name: admin Admin, ip: 0:0:0:0:0:0:0:1, url: http://localhost:8080/example/jsp/admin/system/ManagePlugins.jsp
07/12/20 16:34:00 USER id:1, name: admin Admin, ip: 0:0:0:0:0:0:0:1, url: http://localhost:8080/example/jsp/admin/system/ManagePlugins.jsp
07/12/20 16:34:03 USER id:1, name: admin Admin, ip: 0:0:0:0:0:0:0:1, url: http://localhost:8080/example/jsp/admin/system/ViewPluginDescription.jsp?plugin_name=core
07/12/20 16:56:11 USER id:1, name: admin Admin, ip: 0:0:0:0:0:0:0:1, url: http://localhost:8080/example/jsp/admin/system/ManagePlugins.jsp?plugin_name=
07/12/20 16:57:52 USER id:1, name: admin Admin, ip: 0:0:0:0:0:0:0:1, url: http://localhost:8080/example/jsp/admin/system/ViewPluginDescription.jsp?plugin_name=core
07/12/20 16:58:10 USER id:1, name: admin Admin, ip: 0:0:0:0:0:0:0:1, url: http://localhost:8080/example/jsp/admin/system/ManagePlugins.jsp?plugin_name=
07/12/20 16:58:14 USER id:1, name: admin Admin, ip: 0:0:0:0:0:0:0:1, url: http://localhost:8080/example/jsp/admin/system/ViewPluginDescription.jsp?plugin_name=lucene
07/12/20 16:58:23 USER id:1, name: admin Admin, ip: 0:0:0:0:0:0:0:1, url: http://localhost:8080/example/jsp/admin/system/ManagePlugins.jsp
07/12/20 16:58:26 USER id:1, name: admin Admin, ip: 0:0:0:0:0:0:0:1, url: http://localhost:8080/example/jsp/admin/system/ManagePlugins.jsp
07/12/20 16:58:27 USER id:1, name: admin Admin, ip: 0:0:0:0:0:0:0:1, url: http://localhost:8080/example/jsp/admin/system/ManagePlugins.jsp
07/12/20 16:58:29 USER id:1, name: admin Admin, ip: 0:0:0:0:0:0:0:1, url: http://localhost:8080/example/jsp/admin/system/ManagePlugins.jsp
07/12/20 16:58:29 USER id:1, name: admin Admin, ip: 0:0:0:0:0:0:0:1, url: http://localhost:8080/example/jsp/admin/system/ManagePlugins.jsp
07/12/20 16:58:33 USER id:1, name: admin Admin, ip: 0:0:0:0:0:0:0:1, url: http://localhost:8080/example/jsp/admin/system/ViewPluginDescription.jsp?plugin_name=testmoussia
07/12/20 16:58:45 USER id:1, name: admin Admin, ip: 0:0:0:0:0:0:0:1, url: http://localhost:8080/example/jsp/admin/system/ManagePlugins.jsp?plugin_name=
07/12/20 16:58:47 USER id:1, name: admin Admin, ip: 0:0:0:0:0:0:0:1, url: http://localhost:8080/example/jsp/admin/AdminTechnicalMenu.jsp
07/12/20 16:58:50 USER id:1, name: admin Admin, ip: 0:0:0:0:0:0:0:1, url: http://localhost:8080/example/jsp/admin/AdminTechnicalMenu.jsp
07/12/20 16:58:51 USER id:1, name: admin Admin, ip: 0:0:0:0:0:0:0:1, url: http://localhost:8080/example/jsp/admin/AdminTechnicalMenu.jsp
07/12/20 16:59:10 USER id:1, name: admin Admin, ip: 0:0:0:0:0:0:0:1, url: http://localhost:8080/example/jsp/admin/AdminTechnicalMenu.jsp
07/12/20 16:59:24 USER id:1, name: admin Admin, ip: 0:0:0:0:0:0:0:1, url: http://localhost:8080/example/jsp/admin/AdminMenu.jsp
07/12/20 16:59:35 USER id:1, name: admin Admin, ip: 0:0:0:0:0:0:0:1, url: http://localhost:8080/example/jsp/admin/system/ManagePlugins.jsp
07/12/20 17:02:26 USER id:1, name: admin Admin, ip: 0:0:0:0:0:0:0:1, url: http://localhost:8080/example/jsp/admin/AdminTechnicalMenu.jsp
07/12/20 17:03:45 USER id:1, name: admin Admin, ip: 0:0:0:0:0:0:0:1, url: http://localhost:8080/example/jsp/admin/role/ManagePageRole.jsp?plugin_name=
07/12/20 17:04:39 USER id:1, name: admin Admin, ip: 0:0:0:0:0:0:0:1, url: http://localhost:8080/example/jsp/admin/role/CreatePageRole.jsp
07/12/20 17:04:55 USER id:1, name: admin Admin, ip: 0:0:0:0:0:0:0:1, url: http://localhost:8080/example/jsp/admin/role/ManagePageRole.jsp
07/12/20 17:04:59 USER id:1, name: admin Admin, ip: 0:0:0:0:0:0:0:1, url: http://localhost:8080/example/jsp/admin/role/ModifyPageRole.jsp?role=roleessai
07/12/20 17:05:01 USER id:1, name: admin Admin, ip: 0:0:0:0:0:0:0:1, url: http://localhost:8080/example/jsp/admin/role/ManagePageRole.jsp
07/12/20 17:05:04 USER id:1, name: admin Admin, ip: 0:0:0:0:0:0:0:1, url: http://localhost:8080/example/jsp/admin/system/ManageCaches.jsp?plugin_name=
07/12/20 17:05:31 USER id:1, name: admin Admin, ip: 0:0:0:0:0:0:0:1, url: http://localhost:8080/example/jsp/admin/search/ManageSearchIndexation.jsp?plugin_name=
07/12/20 17:05:35 USER id:1, name: admin Admin, ip: 0:0:0:0:0:0:0:1, url: http://localhost:8080/example/jsp/admin/system/ManageFilesSystem.jsp?plugin_name=
07/12/20 17:05:39 USER id:1, name: admin Admin, ip: 0:0:0:0:0:0:0:1, url: http://localhost:8080/example/jsp/admin/system/ManageFilesSystem.jsp?plugin_name=
07/12/20 17:05:44 USER id:1, name: admin Admin, ip: 0:0:0:0:0:0:0:1, url: http://localhost:8080/example/jsp/admin/system/ManageFilesSytemDir.jsp?dir=/WEB-INF/plugins/
07/12/20 17:05:48 USER id:1, name: admin Admin, ip: 0:0:0:0:0:0:0:1, url: http://localhost:8080/example/jsp/admin/system/ViewFile.jsp?directory=/WEB-INF/plugins/&file=document
07/12/20 17:05:54 USER id:1, name: admin Admin, ip: 0:0:0:0:0:0:0:1, url: http://localhost:8080/example/jsp/admin/system/ManagePlugins.jsp?plugin_name=
07/12/20 17:06:00 USER id:1, name: admin Admin, ip: 0:0:0:0:0:0:0:1, url: http://localhost:8080/example/jsp/admin/system/ManageDaemons.jsp?plugin_name=
07/12/20 17:06:09 USER id:1, name: admin Admin, ip: 0:0:0:0:0:0:0:1, url: http://localhost:8080/example/jsp/admin/plugins/testmoussia/ManageUsers.jsp?plugin_name=testmoussia
07/12/20 17:06:15 USER id:1, name: admin Admin, ip: 0:0:0:0:0:0:0:1, url: http://localhost:8080/example/jsp/admin/AdminMenu.jsp
07/12/20 17:06:21 USER id:1, name: admin Admin, ip: 0:0:0:0:0:0:0:1, url: http://localhost:8080/example/jsp/admin/AdminTechnicalMenu.jsp
07/12/20 17:06:22 USER id:1, name: admin Admin, ip: 0:0:0:0:0:0:0:1, url: http://localhost:8080/example/jsp/admin/AdminMenu.jsp
07/12/20 17:06:28 USER id:1, name: admin Admin, ip: 0:0:0:0:0:0:0:1, url: http://localhost:8080/example/jsp/admin/system/ManagePlugins.jsp
07/12/20 17:06:32 USER id:1, name: admin Admin, ip: 0:0:0:0:0:0:0:1, url: http://localhost:8080/example/jsp/admin/AdminMenu.jsp
07/12/20 17:06:37 USER id:1, name: admin Admin, ip: 0:0:0:0:0:0:0:1, url: http://localhost:8080/example/jsp/admin/AdminTechnicalMenu.jsp
07/12/20 17:06:58 USER id:1, name: admin Admin, ip: 0:0:0:0:0:0:0:1, url: http://localhost:8080/example/jsp/admin/AdminTechnicalMenu.jsp
07/12/20 17:07:05 USER id:1, name: admin Admin, ip: 0:0:0:0:0:0:0:1, url: http://localhost:8080/example/jsp/admin/user/ManageUsers.jsp?plugin_name=
07/12/20 17:11:34 USER id:1, name: admin Admin, ip: 0:0:0:0:0:0:0:1, url: http://localhost:8080/example/jsp/admin/AdminTechnicalMenu.jsp
07/12/20 17:11:46 USER id:1, name: admin Admin, ip: 0:0:0:0:0:0:0:1, url: http://localhost:8080/example/jsp/admin/DoChangeLanguage.jsp
07/12/20 17:11:46 USER id:1, name: admin Admin, ip: 0:0:0:0:0:0:0:1, url: http://localhost:8080/example/jsp/admin/AdminMenu.jsp
07/12/20 17:11:53 USER id:1, name: admin Admin, ip: 0:0:0:0:0:0:0:1, url: http://localhost:8080/example/jsp/admin/AdminTechnicalMenu.jsp
07/12/20 17:12:02 USER id:1, name: admin Admin, ip: 0:0:0:0:0:0:0:1, url: http://localhost:8080/example/jsp/admin/AdminTechnicalMenu.jsp
07/12/20 17:12:05 USER id:1, name: admin Admin, ip: 0:0:0:0:0:0:0:1, url: http://localhost:8080/example/jsp/admin/AdminMenu.jsp
07/12/20 17:12:06 USER id:1, name: admin Admin, ip: 0:0:0:0:0:0:0:1, url: http://localhost:8080/example/jsp/admin/AdminTechnicalMenu.jsp
07/12/20 17:13:05 USER id:1, name: admin Admin, ip: 0:0:0:0:0:0:0:1, url: http://localhost:8080/example/jsp/admin/features/CreateExternalFeature.jsp
07/12/20 17:13:14 USER id:1, name: admin Admin, ip: 0:0:0:0:0:0:0:1, url: http://localhost:8080/example/jsp/admin/AdminTechnicalMenu.jsp?
07/12/20 17:15:23 USER id:1, name: admin Admin, ip: 0:0:0:0:0:0:0:1, url: http://localhost:8080/example/jsp/admin/user/ManageUsers.jsp?plugin_name=
07/12/20 17:15:28 USER id:1, name: admin Admin, ip: 0:0:0:0:0:0:0:1, url: http://localhost:8080/example/jsp/admin/style/ManagePageTemplates.jsp?plugin_name=
07/12/20 17:15:31 USER id:1, name: admin Admin, ip: 0:0:0:0:0:0:0:1, url: http://localhost:8080/example/jsp/admin/style/CreatePageTemplate.jsp
07/12/20 17:15:41 USER id:1, name: admin Admin, ip: 0:0:0:0:0:0:0:1, url: http://localhost:8080/example/jsp/admin/style/ManagePageTemplates.jsp?plugin_name=
07/12/20 17:15:47 USER id:1, name: admin Admin, ip: 0:0:0:0:0:0:0:1, url: http://localhost:8080/example/jsp/admin/style/ManageStyleSheets.jsp?plugin_name=
07/12/20 17:15:53 USER id:1, name: admin Admin, ip: 0:0:0:0:0:0:0:1, url: http://localhost:8080/example/jsp/admin/style/CreateStyleSheet.jsp
07/12/20 17:22:02 USER id:1, name: admin Admin, ip: 0:0:0:0:0:0:0:1, url: http://localhost:8080/example/jsp/admin/site/AdminSite.jsp?plugin_name=
07/12/20 17:22:06 USER id:1, name: admin Admin, ip: 0:0:0:0:0:0:0:1, url: http://localhost:8080/example/jsp/admin/site/AdminSite.jsp?page_id=2
07/12/20 17:22:08 USER id:1, name: admin Admin, ip: 0:0:0:0:0:0:0:1, url: http://localhost:8080/example/jsp/admin/site/AdminSite.jsp?page_id=3
07/12/20 17:22:34 USER id:1, name: admin Admin, ip: 0:0:0:0:0:0:0:1, url: http://localhost:8080/example/jsp/admin/site/AdminSite.jsp?page=initialize
07/12/20 17:22:40 USER id:1, name: admin Admin, ip: 0:0:0:0:0:0:0:1, url: http://localhost:8080/example//jsp/admin/AdminMenu.jsp
07/12/20 17:37:14 USER id:1, name: admin Admin, ip: 0:0:0:0:0:0:0:1, url: http://localhost:8080/example/jsp/admin/system/ManagePlugins.jsp
07/12/20 17:37:23 USER id:1, name: admin Admin, ip: 0:0:0:0:0:0:0:1, url: http://localhost:8080/example/jsp/admin/system/ManagePlugins.jsp?plugin_name=
07/12/20 17:37:33 USER id:1, name: admin Admin, ip: 0:0:0:0:0:0:0:1, url: http://localhost:8080/example/jsp/admin/system/ManagePlugins.jsp?plugin_name=
